<?xml version="1.0" encoding="UTF-8"?>
<!-- Generated by org.testng.reporters.JUnitReportReporter -->
<testsuite hostname="DESKTOP-A7T0K23" failures="0" tests="1" name="testClass.Tco5TestAnootationClass" time="22.435" errors="0" timestamp="2022-05-31T11:31:09 IST" skipped="0">
  <testcase classname="testClass.Tco5TestAnootationClass" name="login" time="22.435"/>
  <system-out/>
</testsuite> <!-- testClass.Tco5TestAnootationClass -->
